2018-08-04 14:55:00 [http-nio-5000-exec-3] ERROR c.e.t.b.s.t.t.impl.TaskCompilerImpl - Can't compile users files. Unable to compile the source
[kind=WARNING, line=4, message=Can't initialize javac processor due to (most likely) a class loader problem: java.lang.NoClassDefFoundError: com/sun/tools/javac/processing/JavacProcessingEnvironment
  	at lombok.javac.apt.LombokProcessor.getJavacProcessingEnvironment(LombokProcessor.java:426)
  	at lombok.javac.apt.LombokProcessor.init(LombokProcessor.java:89)
  	at lombok.core.AnnotationProcessor$JavacDescriptor.want(AnnotationProcessor.java:112)
  	at lombok.core.AnnotationProcessor.init(AnnotationProcessor.java:165)
  	at lombok.launch.AnnotationProcessorHider$AnnotationProcessor.init(AnnotationProcessor.java:73)
  	at com.sun.tools.javac.processing.JavacProcessingEnvironment$ProcessorState.<init>(JavacProcessingEnvironment.java:500)
  	at com.sun.tools.javac.processing.JavacProcessingEnvironment$DiscoveredProcessors$ProcessorStateIterator.next(JavacProcessingEnvironment.java:597)
  	at com.sun.tools.javac.processing.JavacProcessingEnvironment.discoverAndRunProcs(JavacProcessingEnvironment.java:690)
  	at com.sun.tools.javac.processing.JavacProcessingEnvironment.access$1800(JavacProcessingEnvironment.java:91)
  	at com.sun.tools.javac.processing.JavacProcessingEnvironment$Round.run(JavacProcessingEnvironment.java:1035)
  	at com.sun.tools.javac.processing.JavacProcessingEnvironment.doProcessing(JavacProcessingEnvironment.java:1176)
  	at com.sun.tools.javac.main.JavaCompiler.processAnnotations(JavaCompiler.java:1170)
  	at com.sun.tools.javac.main.JavaCompiler.compile(JavaCompiler.java:856)
  	at com.sun.tools.javac.main.Main.compile(Main.java:523)
  	at com.sun.tools.javac.api.JavacTaskImpl.doCall(JavacTaskImpl.java:129)
  	at com.sun.tools.javac.api.JavacTaskImpl.call(JavacTaskImpl.java:138)
  	at org.mdkt.compiler.InMemoryJavaCompiler.compileAll(InMemoryJavaCompiler.java:82)
  	at com.exadel.team3.backend.services.task.task_compile.impl.TaskCompilerImpl.compileTask(TaskCompilerImpl.java:34)
  	at com.exadel.team3.backend.services.impl.Executor.getMethod(Executor.java:63)
  	at com.exadel.team3.backend.services.impl.Executor.lambda$getCheckerRoutine$0(Executor.java:44)
  	at com.exadel.team3.backend.services.impl.SolutionCheckerImpl.lambda$check$0(SolutionCheckerImpl.java:33)
  	at java.util.stream.MatchOps$1MatchSink.accept(MatchOps.java:90)
  	at java.util.ArrayList$ArrayListSpliterator.tryAdvance(ArrayList.java:1351)
  	at java.util.stream.ReferencePipeline.forEachWithCancel(ReferencePipeline.java:126)
  	at java.util.stream.AbstractPipeline.copyIntoWithCancel(AbstractPipeline.java:498)
  	at java.util.stream.AbstractPipeline.copyInto(AbstractPipeline.java:485)
  	at java.util.stream.AbstractPipeline.wrapAndCopyInto(AbstractPipeline.java:471)
  	at java.util.stream.MatchOps$MatchOp.evaluateSequential(MatchOps.java:230)
  	at java.util.stream.MatchOps$MatchOp.evaluateSequential(MatchOps.java:196)
  	at java.util.stream.AbstractPipeline.evaluate(AbstractPipeline.java:234)
  	at java.util.stream.ReferencePipeline.allMatch(ReferencePipeline.java:454)
  	at com.exadel.team3.backend.services.impl.SolutionCheckerImpl.check(SolutionCheckerImpl.java:31)
  	at com.exadel.team3.backend.services.impl.SolutionServiceImpl.submit(SolutionServiceImpl.java:137)
  	at com.exadel.team3.backend.controllers.TaskController.addFilesInSolution(TaskController.java:82)
  	at com.exadel.team3.backend.controllers.TaskController$$FastClassBySpringCGLIB$$daf1ce.invoke(<generated>)
  	at org.springframework.cglib.proxy.MethodProxy.invoke(MethodProxy.java:204)
  	at org.springframework.aop.framework.CglibAopProxy$DynamicAdvisedInterceptor.intercept(CglibAopProxy.java:684)
  	at com.exadel.team3.backend.controllers.TaskController$$EnhancerBySpringCGLIB$$3ab64881.addFilesInSolution(<generated>)
  	at sun.reflect.NativeMethodAccessorImpl.invoke0(Native Method)
  	at sun.reflect.NativeMethodAccessorImpl.invoke(NativeMethodAccessorImpl.java:62)
  	at sun.reflect.DelegatingMethodAccessorImpl.invoke(DelegatingMethodAccessorImpl.java:43)
  	at java.lang.reflect.Method.invoke(Method.java:498)
  	at org.springframework.web.method.support.InvocableHandlerMethod.doInvoke(InvocableHandlerMethod.java:209)
  	at org.springframework.web.method.support.InvocableHandlerMethod.invokeForRequest(InvocableHandlerMethod.java:136)
  	at org.springframework.web.servlet.mvc.method.annotation.ServletInvocableHandlerMethod.invokeAndHandle(ServletInvocableHandlerMethod.java:102)
  	at org.springframework.web.servlet.mvc.method.annotation.RequestMappingHandlerAdapter.invokeHandlerMethod(RequestMappingHandlerAdapter.java:877)
  	at org.springframework.web.servlet.mvc.method.annotation.RequestMappingHandlerAdapter.handleInternal(RequestMappingHandlerAdapter.java:783)
  	at org.springframework.web.servlet.mvc.method.AbstractHandlerMethodAdapter.handle(AbstractHandlerMethodAdapter.java:87)
  	at org.springframework.web.servlet.DispatcherServlet.doDispatch(DispatcherServlet.java:991)
  	at org.springframework.web.servlet.DispatcherServlet.doService(DispatcherServlet.java:925)
  	at org.springframework.web.servlet.FrameworkServlet.processRequest(FrameworkServlet.java:974)
  	at org.springframework.web.servlet.FrameworkServlet.doPost(FrameworkServlet.java:877)
  	at javax.servlet.http.HttpServlet.service(HttpServlet.java:661)
  	at org.springframework.web.servlet.FrameworkServlet.service(FrameworkServlet.java:851)
  	at javax.servlet.http.HttpServlet.service(HttpServlet.java:742)
  	at org.apache.catalina.core.ApplicationFilterChain.internalDoFilter(ApplicationFilterChain.java:231)
  	at org.apache.catalina.core.ApplicationFilterChain.doFilter(ApplicationFilterChain.java:166)
  	at org.apache.tomcat.websocket.server.WsFilter.doFilter(WsFilter.java:52)
  	at org.apache.catalina.core.ApplicationFilterChain.internalDoFilter(ApplicationFilterChain.java:193)
  	at org.apache.catalina.core.ApplicationFilterChain.doFilter(ApplicationFilterChain.java:166)
  	at org.springframework.security.web.FilterChainProxy$VirtualFilterChain.doFilter(FilterChainProxy.java:320)
  	at org.springframework.security.web.access.intercept.FilterSecurityInterceptor.invoke(FilterSecurityInterceptor.java:127)
  	at org.springframework.security.web.access.intercept.FilterSecurityInterceptor.doFilter(FilterSecurityInterceptor.java:91)
  	at org.springframework.security.web.FilterChainProxy$VirtualFilterChain.doFilter(FilterChainProxy.java:334)
  	at org.springframework.security.web.access.ExceptionTranslationFilter.doFilter(ExceptionTranslationFilter.java:119)
  	at org.springframework.security.web.FilterChainProxy$VirtualFilterChain.doFilter(FilterChainProxy.java:334)
  	at org.springframework.security.web.session.SessionManagementFilter.doFilter(SessionManagementFilter.java:137)
  	at org.springframework.security.web.FilterChainProxy$VirtualFilterChain.doFilter(FilterChainProxy.java:334)
  	at org.springframework.security.web.authentication.AnonymousAuthenticationFilter.doFilter(AnonymousAuthenticationFilter.java:111)
  	at org.springframework.security.web.FilterChainProxy$VirtualFilterChain.doFilter(FilterChainProxy.java:334)
  	at org.springframework.security.web.servletapi.SecurityContextHolderAwareRequestFilter.doFilter(SecurityContextHolderAwareRequestFilter.java:170)
  	at org.springframework.security.web.FilterChainProxy$VirtualFilterChain.doFilter(FilterChainProxy.java:334)
  	at org.springframework.security.web.savedrequest.RequestCacheAwareFilter.doFilter(RequestCacheAwareFilter.java:63)
  	at org.springframework.security.web.FilterChainProxy$VirtualFilterChain.doFilter(FilterChainProxy.java:334)
  	at com.exadel.team3.backend.security.filters.JWTAuthorizationFilter.doFilterInternal(JWTAuthorizationFilter.java:48)
  	at org.springframework.web.filter.OncePerRequestFilter.doFilter(OncePerRequestFilter.java:107)
  	at org.springframework.security.web.FilterChainProxy$VirtualFilterChain.doFilter(FilterChainProxy.java:334)
  	at org.springframework.security.web.authentication.logout.LogoutFilter.doFilter(LogoutFilter.java:116)
  	at org.springframework.security.web.FilterChainProxy$VirtualFilterChain.doFilter(FilterChainProxy.java:334)
  	at org.springframework.web.filter.CorsFilter.doFilterInternal(CorsFilter.java:96)
  	at org.springframework.web.filter.OncePerRequestFilter.doFilter(OncePerRequestFilter.java:107)
  	at org.springframework.security.web.FilterChainProxy$VirtualFilterChain.doFilter(FilterChainProxy.java:334)
  	at org.springframework.security.web.header.HeaderWriterFilter.doFilterInternal(HeaderWriterFilter.java:66)
  	at org.springframework.web.filter.OncePerRequestFilter.doFilter(OncePerRequestFilter.java:107)
  	at org.springframework.security.web.FilterChainProxy$VirtualFilterChain.doFilter(FilterChainProxy.java:334)
  	at org.springframework.security.web.context.SecurityContextPersistenceFilter.doFilter(SecurityContextPersistenceFilter.java:105)
  	at org.springframework.security.web.FilterChainProxy$VirtualFilterChain.doFilter(FilterChainProxy.java:334)
  	at org.springframework.security.web.context.request.async.WebAsyncManagerIntegrationFilter.doFilterInternal(WebAsyncManagerIntegrationFilter.java:56)
  	at org.springframework.web.filter.OncePerRequestFilter.doFilter(OncePerRequestFilter.java:107)
  	at org.springframework.security.web.FilterChainProxy$VirtualFilterChain.doFilter(FilterChainProxy.java:334)
  	at org.springframework.security.web.FilterChainProxy.doFilterInternal(FilterChainProxy.java:215)
  	at org.springframework.security.web.FilterChainProxy.doFilter(FilterChainProxy.java:178)
  	at org.springframework.web.filter.DelegatingFilterProxy.invokeDelegate(DelegatingFilterProxy.java:357)
  	at org.springframework.web.filter.DelegatingFilterProxy.doFilter(DelegatingFilterProxy.java:270)
  	at org.apache.catalina.core.ApplicationFilterChain.internalDoFilter(ApplicationFilterChain.java:193)
  	at org.apache.catalina.core.ApplicationFilterChain.doFilter(ApplicationFilterChain.java:166)
  	at org.springframework.web.filter.RequestContextFilter.doFilterInternal(RequestContextFilter.java:99)
  	at org.springframework.web.filter.OncePerRequestFilter.doFilter(OncePerRequestFilter.java:107)
  	at org.apache.catalina.core.ApplicationFilterChain.internalDoFilter(ApplicationFilterChain.java:193)
  	at org.apache.catalina.core.ApplicationFilterChain.doFilter(ApplicationFilterChain.java:166)
  	at org.springframework.web.filter.HttpPutFormContentFilter.doFilterInternal(HttpPutFormContentFilter.java:109)
  	at org.springframework.web.filter.OncePerRequestFilter.doFilter(OncePerRequestFilter.java:107)
  	at org.apache.catalina.core.ApplicationFilterChain.internalDoFilter(ApplicationFilterChain.java:193)
  	at org.apache.catalina.core.ApplicationFilterChain.doFilter(ApplicationFilterChain.java:166)
  	at org.springframework.web.filter.HiddenHttpMethodFilter.doFilterInternal(HiddenHttpMethodFilter.java:93)
  	at org.springframework.web.filter.OncePerRequestFilter.doFilter(OncePerRequestFilter.java:107)
  	at org.apache.catalina.core.ApplicationFilterChain.internalDoFilter(ApplicationFilterChain.java:193)
  	at org.apache.catalina.core.ApplicationFilterChain.doFilter(ApplicationFilterChain.java:166)
  	at org.springframework.web.filter.CharacterEncodingFilter.doFilterInternal(CharacterEncodingFilter.java:200)
  	at org.springframework.web.filter.OncePerRequestFilter.doFilter(OncePerRequestFilter.java:107)
  	at org.apache.catalina.core.ApplicationFilterChain.internalDoFilter(ApplicationFilterChain.java:193)
  	at org.apache.catalina.core.ApplicationFilterChain.doFilter(ApplicationFilterChain.java:166)
  	at org.apache.catalina.core.StandardWrapperValve.invoke(StandardWrapperValve.java:198)
  	at org.apache.catalina.core.StandardContextValve.invoke(StandardContextValve.java:96)
  	at org.apache.catalina.authenticator.AuthenticatorBase.invoke(AuthenticatorBase.java:496)
  	at org.apache.catalina.core.StandardHostValve.invoke(StandardHostValve.java:140)
  	at org.apache.catalina.valves.ErrorReportValve.invoke(ErrorReportValve.java:81)
  	at org.apache.catalina.core.StandardEngineValve.invoke(StandardEngineValve.java:87)
  	at org.apache.catalina.connector.CoyoteAdapter.service(CoyoteAdapter.java:342)
  	at org.apache.coyote.http11.Http11Processor.service(Http11Processor.java:803)
  	at org.apache.coyote.AbstractProcessorLight.process(AbstractProcessorLight.java:66)
  	at org.apache.coyote.AbstractProtocol$ConnectionHandler.process(AbstractProtocol.java:790)
  	at org.apache.tomcat.util.net.NioEndpoint$SocketProcessor.doRun(NioEndpoint.java:1468)
  	at org.apache.tomcat.util.net.SocketProcessorBase.run(SocketProcessorBase.java:49)
  	at java.util.concurrent.ThreadPoolExecutor.runWorker(ThreadPoolExecutor.java:1142)
  	at java.util.concurrent.ThreadPoolExecutor$Worker.run(ThreadPoolExecutor.java:617)
  	at org.apache.tomcat.util.threads.TaskThread$WrappingRunnable.run(TaskThread.java:61)
  	at java.lang.Thread.run(Thread.java:745)
  Caused by: java.lang.ClassNotFoundException: com.sun.tools.javac.processing.JavacProcessingEnvironment
  	at java.lang.ClassLoader.findClass(ClassLoader.java:530)
  	at java.lang.ClassLoader.loadClass(ClassLoader.java:424)
  	at lombok.launch.ShadowClassLoader.loadClass(ShadowClassLoader.java:422)
  	at java.lang.ClassLoader.loadClass(ClassLoader.java:357)
  	... 128 more]
[kind=ERROR, line=10, message=cannot find symbol
  symbol:   class SampleClassExt
  location: class SampleClass]
[kind=ERROR, line=10, message=cannot find symbol
  symbol:   class SampleClassExt
  location: class SampleClass]
2018-08-04 15:35:51 [http-nio-5000-exec-5] ERROR c.e.t.b.s.t.t.impl.TaskCompilerImpl - Can't compile users files. Unable to compile the source
[kind=WARNING, line=4, message=Can't initialize javac processor due to (most likely) a class loader problem: java.lang.NoClassDefFoundError: com/sun/tools/javac/processing/JavacProcessingEnvironment
  	at lombok.javac.apt.LombokProcessor.getJavacProcessingEnvironment(LombokProcessor.java:426)
  	at lombok.javac.apt.LombokProcessor.init(LombokProcessor.java:89)
  	at lombok.core.AnnotationProcessor$JavacDescriptor.want(AnnotationProcessor.java:112)
  	at lombok.core.AnnotationProcessor.init(AnnotationProcessor.java:165)
  	at lombok.launch.AnnotationProcessorHider$AnnotationProcessor.init(AnnotationProcessor.java:73)
  	at com.sun.tools.javac.processing.JavacProcessingEnvironment$ProcessorState.<init>(JavacProcessingEnvironment.java:500)
  	at com.sun.tools.javac.processing.JavacProcessingEnvironment$DiscoveredProcessors$ProcessorStateIterator.next(JavacProcessingEnvironment.java:597)
  	at com.sun.tools.javac.processing.JavacProcessingEnvironment.discoverAndRunProcs(JavacProcessingEnvironment.java:690)
  	at com.sun.tools.javac.processing.JavacProcessingEnvironment.access$1800(JavacProcessingEnvironment.java:91)
  	at com.sun.tools.javac.processing.JavacProcessingEnvironment$Round.run(JavacProcessingEnvironment.java:1035)
  	at com.sun.tools.javac.processing.JavacProcessingEnvironment.doProcessing(JavacProcessingEnvironment.java:1176)
  	at com.sun.tools.javac.main.JavaCompiler.processAnnotations(JavaCompiler.java:1170)
  	at com.sun.tools.javac.main.JavaCompiler.compile(JavaCompiler.java:856)
  	at com.sun.tools.javac.main.Main.compile(Main.java:523)
  	at com.sun.tools.javac.api.JavacTaskImpl.doCall(JavacTaskImpl.java:129)
  	at com.sun.tools.javac.api.JavacTaskImpl.call(JavacTaskImpl.java:138)
  	at org.mdkt.compiler.InMemoryJavaCompiler.compileAll(InMemoryJavaCompiler.java:82)
  	at com.exadel.team3.backend.services.task.task_compile.impl.TaskCompilerImpl.compileTask(TaskCompilerImpl.java:34)
  	at com.exadel.team3.backend.services.impl.Executor.getMethod(Executor.java:63)
  	at com.exadel.team3.backend.services.impl.Executor.lambda$getCheckerRoutine$0(Executor.java:44)
  	at com.exadel.team3.backend.services.impl.SolutionCheckerImpl.lambda$check$0(SolutionCheckerImpl.java:33)
  	at java.util.stream.MatchOps$1MatchSink.accept(MatchOps.java:90)
  	at java.util.ArrayList$ArrayListSpliterator.tryAdvance(ArrayList.java:1351)
  	at java.util.stream.ReferencePipeline.forEachWithCancel(ReferencePipeline.java:126)
  	at java.util.stream.AbstractPipeline.copyIntoWithCancel(AbstractPipeline.java:498)
  	at java.util.stream.AbstractPipeline.copyInto(AbstractPipeline.java:485)
  	at java.util.stream.AbstractPipeline.wrapAndCopyInto(AbstractPipeline.java:471)
  	at java.util.stream.MatchOps$MatchOp.evaluateSequential(MatchOps.java:230)
  	at java.util.stream.MatchOps$MatchOp.evaluateSequential(MatchOps.java:196)
  	at java.util.stream.AbstractPipeline.evaluate(AbstractPipeline.java:234)
  	at java.util.stream.ReferencePipeline.allMatch(ReferencePipeline.java:454)
  	at com.exadel.team3.backend.services.impl.SolutionCheckerImpl.check(SolutionCheckerImpl.java:31)
  	at com.exadel.team3.backend.services.impl.SolutionServiceImpl.submit(SolutionServiceImpl.java:137)
  	at com.exadel.team3.backend.controllers.TaskController.addFilesInSolution(TaskController.java:82)
  	at com.exadel.team3.backend.controllers.TaskController$$FastClassBySpringCGLIB$$daf1ce.invoke(<generated>)
  	at org.springframework.cglib.proxy.MethodProxy.invoke(MethodProxy.java:204)
  	at org.springframework.aop.framework.CglibAopProxy$DynamicAdvisedInterceptor.intercept(CglibAopProxy.java:684)
  	at com.exadel.team3.backend.controllers.TaskController$$EnhancerBySpringCGLIB$$8843c99c.addFilesInSolution(<generated>)
  	at sun.reflect.NativeMethodAccessorImpl.invoke0(Native Method)
  	at sun.reflect.NativeMethodAccessorImpl.invoke(NativeMethodAccessorImpl.java:62)
  	at sun.reflect.DelegatingMethodAccessorImpl.invoke(DelegatingMethodAccessorImpl.java:43)
  	at java.lang.reflect.Method.invoke(Method.java:498)
  	at org.springframework.web.method.support.InvocableHandlerMethod.doInvoke(InvocableHandlerMethod.java:209)
  	at org.springframework.web.method.support.InvocableHandlerMethod.invokeForRequest(InvocableHandlerMethod.java:136)
  	at org.springframework.web.servlet.mvc.method.annotation.ServletInvocableHandlerMethod.invokeAndHandle(ServletInvocableHandlerMethod.java:102)
  	at org.springframework.web.servlet.mvc.method.annotation.RequestMappingHandlerAdapter.invokeHandlerMethod(RequestMappingHandlerAdapter.java:877)
  	at org.springframework.web.servlet.mvc.method.annotation.RequestMappingHandlerAdapter.handleInternal(RequestMappingHandlerAdapter.java:783)
  	at org.springframework.web.servlet.mvc.method.AbstractHandlerMethodAdapter.handle(AbstractHandlerMethodAdapter.java:87)
  	at org.springframework.web.servlet.DispatcherServlet.doDispatch(DispatcherServlet.java:991)
  	at org.springframework.web.servlet.DispatcherServlet.doService(DispatcherServlet.java:925)
  	at org.springframework.web.servlet.FrameworkServlet.processRequest(FrameworkServlet.java:974)
  	at org.springframework.web.servlet.FrameworkServlet.doPost(FrameworkServlet.java:877)
  	at javax.servlet.http.HttpServlet.service(HttpServlet.java:661)
  	at org.springframework.web.servlet.FrameworkServlet.service(FrameworkServlet.java:851)
  	at javax.servlet.http.HttpServlet.service(HttpServlet.java:742)
  	at org.apache.catalina.core.ApplicationFilterChain.internalDoFilter(ApplicationFilterChain.java:231)
  	at org.apache.catalina.core.ApplicationFilterChain.doFilter(ApplicationFilterChain.java:166)
  	at org.apache.tomcat.websocket.server.WsFilter.doFilter(WsFilter.java:52)
  	at org.apache.catalina.core.ApplicationFilterChain.internalDoFilter(ApplicationFilterChain.java:193)
  	at org.apache.catalina.core.ApplicationFilterChain.doFilter(ApplicationFilterChain.java:166)
  	at org.springframework.security.web.FilterChainProxy$VirtualFilterChain.doFilter(FilterChainProxy.java:320)
  	at org.springframework.security.web.access.intercept.FilterSecurityInterceptor.invoke(FilterSecurityInterceptor.java:127)
  	at org.springframework.security.web.access.intercept.FilterSecurityInterceptor.doFilter(FilterSecurityInterceptor.java:91)
  	at org.springframework.security.web.FilterChainProxy$VirtualFilterChain.doFilter(FilterChainProxy.java:334)
  	at org.springframework.security.web.access.ExceptionTranslationFilter.doFilter(ExceptionTranslationFilter.java:119)
  	at org.springframework.security.web.FilterChainProxy$VirtualFilterChain.doFilter(FilterChainProxy.java:334)
  	at org.springframework.security.web.session.SessionManagementFilter.doFilter(SessionManagementFilter.java:137)
  	at org.springframework.security.web.FilterChainProxy$VirtualFilterChain.doFilter(FilterChainProxy.java:334)
  	at org.springframework.security.web.authentication.AnonymousAuthenticationFilter.doFilter(AnonymousAuthenticationFilter.java:111)
  	at org.springframework.security.web.FilterChainProxy$VirtualFilterChain.doFilter(FilterChainProxy.java:334)
  	at org.springframework.security.web.servletapi.SecurityContextHolderAwareRequestFilter.doFilter(SecurityContextHolderAwareRequestFilter.java:170)
  	at org.springframework.security.web.FilterChainProxy$VirtualFilterChain.doFilter(FilterChainProxy.java:334)
  	at org.springframework.security.web.savedrequest.RequestCacheAwareFilter.doFilter(RequestCacheAwareFilter.java:63)
  	at org.springframework.security.web.FilterChainProxy$VirtualFilterChain.doFilter(FilterChainProxy.java:334)
  	at com.exadel.team3.backend.security.filters.JWTAuthorizationFilter.doFilterInternal(JWTAuthorizationFilter.java:48)
  	at org.springframework.web.filter.OncePerRequestFilter.doFilter(OncePerRequestFilter.java:107)
  	at org.springframework.security.web.FilterChainProxy$VirtualFilterChain.doFilter(FilterChainProxy.java:334)
  	at org.springframework.security.web.authentication.logout.LogoutFilter.doFilter(LogoutFilter.java:116)
  	at org.springframework.security.web.FilterChainProxy$VirtualFilterChain.doFilter(FilterChainProxy.java:334)
  	at org.springframework.web.filter.CorsFilter.doFilterInternal(CorsFilter.java:96)
  	at org.springframework.web.filter.OncePerRequestFilter.doFilter(OncePerRequestFilter.java:107)
  	at org.springframework.security.web.FilterChainProxy$VirtualFilterChain.doFilter(FilterChainProxy.java:334)
  	at org.springframework.security.web.header.HeaderWriterFilter.doFilterInternal(HeaderWriterFilter.java:66)
  	at org.springframework.web.filter.OncePerRequestFilter.doFilter(OncePerRequestFilter.java:107)
  	at org.springframework.security.web.FilterChainProxy$VirtualFilterChain.doFilter(FilterChainProxy.java:334)
  	at org.springframework.security.web.context.SecurityContextPersistenceFilter.doFilter(SecurityContextPersistenceFilter.java:105)
  	at org.springframework.security.web.FilterChainProxy$VirtualFilterChain.doFilter(FilterChainProxy.java:334)
  	at org.springframework.security.web.context.request.async.WebAsyncManagerIntegrationFilter.doFilterInternal(WebAsyncManagerIntegrationFilter.java:56)
  	at org.springframework.web.filter.OncePerRequestFilter.doFilter(OncePerRequestFilter.java:107)
  	at org.springframework.security.web.FilterChainProxy$VirtualFilterChain.doFilter(FilterChainProxy.java:334)
  	at org.springframework.security.web.FilterChainProxy.doFilterInternal(FilterChainProxy.java:215)
  	at org.springframework.security.web.FilterChainProxy.doFilter(FilterChainProxy.java:178)
  	at org.springframework.web.filter.DelegatingFilterProxy.invokeDelegate(DelegatingFilterProxy.java:357)
  	at org.springframework.web.filter.DelegatingFilterProxy.doFilter(DelegatingFilterProxy.java:270)
  	at org.apache.catalina.core.ApplicationFilterChain.internalDoFilter(ApplicationFilterChain.java:193)
  	at org.apache.catalina.core.ApplicationFilterChain.doFilter(ApplicationFilterChain.java:166)
  	at org.springframework.web.filter.RequestContextFilter.doFilterInternal(RequestContextFilter.java:99)
  	at org.springframework.web.filter.OncePerRequestFilter.doFilter(OncePerRequestFilter.java:107)
  	at org.apache.catalina.core.ApplicationFilterChain.internalDoFilter(ApplicationFilterChain.java:193)
  	at org.apache.catalina.core.ApplicationFilterChain.doFilter(ApplicationFilterChain.java:166)
  	at org.springframework.web.filter.HttpPutFormContentFilter.doFilterInternal(HttpPutFormContentFilter.java:109)
  	at org.springframework.web.filter.OncePerRequestFilter.doFilter(OncePerRequestFilter.java:107)
  	at org.apache.catalina.core.ApplicationFilterChain.internalDoFilter(ApplicationFilterChain.java:193)
  	at org.apache.catalina.core.ApplicationFilterChain.doFilter(ApplicationFilterChain.java:166)
  	at org.springframework.web.filter.HiddenHttpMethodFilter.doFilterInternal(HiddenHttpMethodFilter.java:93)
  	at org.springframework.web.filter.OncePerRequestFilter.doFilter(OncePerRequestFilter.java:107)
  	at org.apache.catalina.core.ApplicationFilterChain.internalDoFilter(ApplicationFilterChain.java:193)
  	at org.apache.catalina.core.ApplicationFilterChain.doFilter(ApplicationFilterChain.java:166)
  	at org.springframework.web.filter.CharacterEncodingFilter.doFilterInternal(CharacterEncodingFilter.java:200)
  	at org.springframework.web.filter.OncePerRequestFilter.doFilter(OncePerRequestFilter.java:107)
  	at org.apache.catalina.core.ApplicationFilterChain.internalDoFilter(ApplicationFilterChain.java:193)
  	at org.apache.catalina.core.ApplicationFilterChain.doFilter(ApplicationFilterChain.java:166)
  	at org.apache.catalina.core.StandardWrapperValve.invoke(StandardWrapperValve.java:198)
  	at org.apache.catalina.core.StandardContextValve.invoke(StandardContextValve.java:96)
  	at org.apache.catalina.authenticator.AuthenticatorBase.invoke(AuthenticatorBase.java:496)
  	at org.apache.catalina.core.StandardHostValve.invoke(StandardHostValve.java:140)
  	at org.apache.catalina.valves.ErrorReportValve.invoke(ErrorReportValve.java:81)
  	at org.apache.catalina.core.StandardEngineValve.invoke(StandardEngineValve.java:87)
  	at org.apache.catalina.connector.CoyoteAdapter.service(CoyoteAdapter.java:342)
  	at org.apache.coyote.http11.Http11Processor.service(Http11Processor.java:803)
  	at org.apache.coyote.AbstractProcessorLight.process(AbstractProcessorLight.java:66)
  	at org.apache.coyote.AbstractProtocol$ConnectionHandler.process(AbstractProtocol.java:790)
  	at org.apache.tomcat.util.net.NioEndpoint$SocketProcessor.doRun(NioEndpoint.java:1468)
  	at org.apache.tomcat.util.net.SocketProcessorBase.run(SocketProcessorBase.java:49)
  	at java.util.concurrent.ThreadPoolExecutor.runWorker(ThreadPoolExecutor.java:1142)
  	at java.util.concurrent.ThreadPoolExecutor$Worker.run(ThreadPoolExecutor.java:617)
  	at org.apache.tomcat.util.threads.TaskThread$WrappingRunnable.run(TaskThread.java:61)
  	at java.lang.Thread.run(Thread.java:745)
  Caused by: java.lang.ClassNotFoundException: com.sun.tools.javac.processing.JavacProcessingEnvironment
  	at java.lang.ClassLoader.findClass(ClassLoader.java:530)
  	at java.lang.ClassLoader.loadClass(ClassLoader.java:424)
  	at lombok.launch.ShadowClassLoader.loadClass(ShadowClassLoader.java:422)
  	at java.lang.ClassLoader.loadClass(ClassLoader.java:357)
  	... 128 more]
[kind=ERROR, line=10, message=cannot find symbol
  symbol:   class SampleClassExt
  location: class SampleClass]
[kind=ERROR, line=10, message=cannot find symbol
  symbol:   class SampleClassExt
  location: class SampleClass]
2018-08-04 16:40:12 [Thread-44] ERROR c.e.t.b.s.t.t.impl.TaskCompilerImpl - Can't compile users files. Unable to compile the source
[kind=WARNING, line=3, message=Can't initialize javac processor due to (most likely) a class loader problem: java.lang.NoClassDefFoundError: com/sun/tools/javac/processing/JavacProcessingEnvironment
  	at lombok.javac.apt.LombokProcessor.getJavacProcessingEnvironment(LombokProcessor.java:426)
  	at lombok.javac.apt.LombokProcessor.init(LombokProcessor.java:89)
  	at lombok.core.AnnotationProcessor$JavacDescriptor.want(AnnotationProcessor.java:112)
  	at lombok.core.AnnotationProcessor.init(AnnotationProcessor.java:165)
  	at lombok.launch.AnnotationProcessorHider$AnnotationProcessor.init(AnnotationProcessor.java:73)
  	at com.sun.tools.javac.processing.JavacProcessingEnvironment$ProcessorState.<init>(JavacProcessingEnvironment.java:500)
  	at com.sun.tools.javac.processing.JavacProcessingEnvironment$DiscoveredProcessors$ProcessorStateIterator.next(JavacProcessingEnvironment.java:597)
  	at com.sun.tools.javac.processing.JavacProcessingEnvironment.discoverAndRunProcs(JavacProcessingEnvironment.java:690)
  	at com.sun.tools.javac.processing.JavacProcessingEnvironment.access$1800(JavacProcessingEnvironment.java:91)
  	at com.sun.tools.javac.processing.JavacProcessingEnvironment$Round.run(JavacProcessingEnvironment.java:1035)
  	at com.sun.tools.javac.processing.JavacProcessingEnvironment.doProcessing(JavacProcessingEnvironment.java:1176)
  	at com.sun.tools.javac.main.JavaCompiler.processAnnotations(JavaCompiler.java:1170)
  	at com.sun.tools.javac.main.JavaCompiler.compile(JavaCompiler.java:856)
  	at com.sun.tools.javac.main.Main.compile(Main.java:523)
  	at com.sun.tools.javac.api.JavacTaskImpl.doCall(JavacTaskImpl.java:129)
  	at com.sun.tools.javac.api.JavacTaskImpl.call(JavacTaskImpl.java:138)
  	at org.mdkt.compiler.InMemoryJavaCompiler.compileAll(InMemoryJavaCompiler.java:82)
  	at com.exadel.team3.backend.services.task.task_compile.impl.TaskCompilerImpl.compileTask(TaskCompilerImpl.java:34)
  	at com.exadel.team3.backend.services.impl.Executor.getMethod(Executor.java:63)
  	at com.exadel.team3.backend.services.impl.Executor.lambda$getCheckerRoutine$0(Executor.java:44)
  	at com.exadel.team3.backend.services.impl.SolutionCheckerImpl.lambda$check$0(SolutionCheckerImpl.java:33)
  	at java.util.stream.MatchOps$1MatchSink.accept(MatchOps.java:90)
  	at java.util.ArrayList$ArrayListSpliterator.tryAdvance(ArrayList.java:1351)
  	at java.util.stream.ReferencePipeline.forEachWithCancel(ReferencePipeline.java:126)
  	at java.util.stream.AbstractPipeline.copyIntoWithCancel(AbstractPipeline.java:498)
  	at java.util.stream.AbstractPipeline.copyInto(AbstractPipeline.java:485)
  	at java.util.stream.AbstractPipeline.wrapAndCopyInto(AbstractPipeline.java:471)
  	at java.util.stream.MatchOps$MatchOp.evaluateSequential(MatchOps.java:230)
  	at java.util.stream.MatchOps$MatchOp.evaluateSequential(MatchOps.java:196)
  	at java.util.stream.AbstractPipeline.evaluate(AbstractPipeline.java:234)
  	at java.util.stream.ReferencePipeline.allMatch(ReferencePipeline.java:454)
  	at com.exadel.team3.backend.services.impl.SolutionCheckerImpl.check(SolutionCheckerImpl.java:31)
  	at com.exadel.team3.backend.services.impl.SolutionServiceImpl.lambda$submit$1(SolutionServiceImpl.java:139)
  	at java.lang.Thread.run(Thread.java:745)
  Caused by: java.lang.ClassNotFoundException: com.sun.tools.javac.processing.JavacProcessingEnvironment
  	at java.lang.ClassLoader.findClass(ClassLoader.java:530)
  	at java.lang.ClassLoader.loadClass(ClassLoader.java:424)
  	at lombok.launch.ShadowClassLoader.loadClass(ShadowClassLoader.java:422)
  	at java.lang.ClassLoader.loadClass(ClassLoader.java:357)
  	... 34 more]
[kind=ERROR, line=11, message=cannot find symbol
  symbol:   variable SampleClassExt2
  location: class SampleClassExt]
2018-08-04 16:40:16 [Thread-44] ERROR c.e.t.b.s.t.t.impl.TaskCompilerImpl - Can't compile users files. Unable to compile the source
[kind=WARNING, line=3, message=Can't initialize javac processor due to (most likely) a class loader problem: java.lang.NoClassDefFoundError: com/sun/tools/javac/processing/JavacProcessingEnvironment
  	at lombok.javac.apt.LombokProcessor.getJavacProcessingEnvironment(LombokProcessor.java:426)
  	at lombok.javac.apt.LombokProcessor.init(LombokProcessor.java:89)
  	at lombok.core.AnnotationProcessor$JavacDescriptor.want(AnnotationProcessor.java:112)
  	at lombok.core.AnnotationProcessor.init(AnnotationProcessor.java:165)
  	at lombok.launch.AnnotationProcessorHider$AnnotationProcessor.init(AnnotationProcessor.java:73)
  	at com.sun.tools.javac.processing.JavacProcessingEnvironment$ProcessorState.<init>(JavacProcessingEnvironment.java:500)
  	at com.sun.tools.javac.processing.JavacProcessingEnvironment$DiscoveredProcessors$ProcessorStateIterator.next(JavacProcessingEnvironment.java:597)
  	at com.sun.tools.javac.processing.JavacProcessingEnvironment.discoverAndRunProcs(JavacProcessingEnvironment.java:690)
  	at com.sun.tools.javac.processing.JavacProcessingEnvironment.access$1800(JavacProcessingEnvironment.java:91)
  	at com.sun.tools.javac.processing.JavacProcessingEnvironment$Round.run(JavacProcessingEnvironment.java:1035)
  	at com.sun.tools.javac.processing.JavacProcessingEnvironment.doProcessing(JavacProcessingEnvironment.java:1176)
  	at com.sun.tools.javac.main.JavaCompiler.processAnnotations(JavaCompiler.java:1170)
  	at com.sun.tools.javac.main.JavaCompiler.compile(JavaCompiler.java:856)
  	at com.sun.tools.javac.main.Main.compile(Main.java:523)
  	at com.sun.tools.javac.api.JavacTaskImpl.doCall(JavacTaskImpl.java:129)
  	at com.sun.tools.javac.api.JavacTaskImpl.call(JavacTaskImpl.java:138)
  	at org.mdkt.compiler.InMemoryJavaCompiler.compileAll(InMemoryJavaCompiler.java:82)
  	at com.exadel.team3.backend.services.task.task_compile.impl.TaskCompilerImpl.compileTask(TaskCompilerImpl.java:34)
  	at com.exadel.team3.backend.services.impl.Executor.getMethod(Executor.java:63)
  	at com.exadel.team3.backend.services.impl.Executor.lambda$getCheckerRoutine$0(Executor.java:44)
  	at com.exadel.team3.backend.services.impl.SolutionCheckerImpl.lambda$check$0(SolutionCheckerImpl.java:33)
  	at java.util.stream.MatchOps$1MatchSink.accept(MatchOps.java:90)
  	at java.util.ArrayList$ArrayListSpliterator.tryAdvance(ArrayList.java:1351)
  	at java.util.stream.ReferencePipeline.forEachWithCancel(ReferencePipeline.java:126)
  	at java.util.stream.AbstractPipeline.copyIntoWithCancel(AbstractPipeline.java:498)
  	at java.util.stream.AbstractPipeline.copyInto(AbstractPipeline.java:485)
  	at java.util.stream.AbstractPipeline.wrapAndCopyInto(AbstractPipeline.java:471)
  	at java.util.stream.MatchOps$MatchOp.evaluateSequential(MatchOps.java:230)
  	at java.util.stream.MatchOps$MatchOp.evaluateSequential(MatchOps.java:196)
  	at java.util.stream.AbstractPipeline.evaluate(AbstractPipeline.java:234)
  	at java.util.stream.ReferencePipeline.allMatch(ReferencePipeline.java:454)
  	at com.exadel.team3.backend.services.impl.SolutionCheckerImpl.check(SolutionCheckerImpl.java:31)
  	at com.exadel.team3.backend.services.impl.SolutionServiceImpl.lambda$submit$1(SolutionServiceImpl.java:140)
  	at java.lang.Thread.run(Thread.java:745)
  Caused by: java.lang.ClassNotFoundException: com.sun.tools.javac.processing.JavacProcessingEnvironment
  	at java.lang.ClassLoader.findClass(ClassLoader.java:530)
  	at java.lang.ClassLoader.loadClass(ClassLoader.java:424)
  	at lombok.launch.ShadowClassLoader.loadClass(ShadowClassLoader.java:422)
  	at java.lang.ClassLoader.loadClass(ClassLoader.java:357)
  	... 34 more]
[kind=ERROR, line=11, message=cannot find symbol
  symbol:   variable SampleClassExt2
  location: class SampleClassExt]
2018-08-04 16:41:01 [Thread-45] ERROR c.e.t.b.s.t.t.impl.TaskCompilerImpl - Can't compile users files. Unable to compile the source
[kind=WARNING, line=3, message=Can't initialize javac processor due to (most likely) a class loader problem: java.lang.NoClassDefFoundError: com/sun/tools/javac/processing/JavacProcessingEnvironment
  	at lombok.javac.apt.LombokProcessor.getJavacProcessingEnvironment(LombokProcessor.java:426)
  	at lombok.javac.apt.LombokProcessor.init(LombokProcessor.java:89)
  	at lombok.core.AnnotationProcessor$JavacDescriptor.want(AnnotationProcessor.java:112)
  	at lombok.core.AnnotationProcessor.init(AnnotationProcessor.java:165)
  	at lombok.launch.AnnotationProcessorHider$AnnotationProcessor.init(AnnotationProcessor.java:73)
  	at com.sun.tools.javac.processing.JavacProcessingEnvironment$ProcessorState.<init>(JavacProcessingEnvironment.java:500)
  	at com.sun.tools.javac.processing.JavacProcessingEnvironment$DiscoveredProcessors$ProcessorStateIterator.next(JavacProcessingEnvironment.java:597)
  	at com.sun.tools.javac.processing.JavacProcessingEnvironment.discoverAndRunProcs(JavacProcessingEnvironment.java:690)
  	at com.sun.tools.javac.processing.JavacProcessingEnvironment.access$1800(JavacProcessingEnvironment.java:91)
  	at com.sun.tools.javac.processing.JavacProcessingEnvironment$Round.run(JavacProcessingEnvironment.java:1035)
  	at com.sun.tools.javac.processing.JavacProcessingEnvironment.doProcessing(JavacProcessingEnvironment.java:1176)
  	at com.sun.tools.javac.main.JavaCompiler.processAnnotations(JavaCompiler.java:1170)
  	at com.sun.tools.javac.main.JavaCompiler.compile(JavaCompiler.java:856)
  	at com.sun.tools.javac.main.Main.compile(Main.java:523)
  	at com.sun.tools.javac.api.JavacTaskImpl.doCall(JavacTaskImpl.java:129)
  	at com.sun.tools.javac.api.JavacTaskImpl.call(JavacTaskImpl.java:138)
  	at org.mdkt.compiler.InMemoryJavaCompiler.compileAll(InMemoryJavaCompiler.java:82)
  	at com.exadel.team3.backend.services.task.task_compile.impl.TaskCompilerImpl.compileTask(TaskCompilerImpl.java:34)
  	at com.exadel.team3.backend.services.impl.Executor.getMethod(Executor.java:63)
  	at com.exadel.team3.backend.services.impl.Executor.lambda$getCheckerRoutine$0(Executor.java:44)
  	at com.exadel.team3.backend.services.impl.SolutionCheckerImpl.lambda$check$0(SolutionCheckerImpl.java:33)
  	at java.util.stream.MatchOps$1MatchSink.accept(MatchOps.java:90)
  	at java.util.ArrayList$ArrayListSpliterator.tryAdvance(ArrayList.java:1351)
  	at java.util.stream.ReferencePipeline.forEachWithCancel(ReferencePipeline.java:126)
  	at java.util.stream.AbstractPipeline.copyIntoWithCancel(AbstractPipeline.java:498)
  	at java.util.stream.AbstractPipeline.copyInto(AbstractPipeline.java:485)
  	at java.util.stream.AbstractPipeline.wrapAndCopyInto(AbstractPipeline.java:471)
  	at java.util.stream.MatchOps$MatchOp.evaluateSequential(MatchOps.java:230)
  	at java.util.stream.MatchOps$MatchOp.evaluateSequential(MatchOps.java:196)
  	at java.util.stream.AbstractPipeline.evaluate(AbstractPipeline.java:234)
  	at java.util.stream.ReferencePipeline.allMatch(ReferencePipeline.java:454)
  	at com.exadel.team3.backend.services.impl.SolutionCheckerImpl.check(SolutionCheckerImpl.java:31)
  	at com.exadel.team3.backend.services.impl.SolutionServiceImpl.lambda$submit$1(SolutionServiceImpl.java:139)
  	at java.lang.Thread.run(Thread.java:745)
  Caused by: java.lang.ClassNotFoundException: com.sun.tools.javac.processing.JavacProcessingEnvironment
  	at java.lang.ClassLoader.findClass(ClassLoader.java:530)
  	at java.lang.ClassLoader.loadClass(ClassLoader.java:424)
  	at lombok.launch.ShadowClassLoader.loadClass(ShadowClassLoader.java:422)
  	at java.lang.ClassLoader.loadClass(ClassLoader.java:357)
  	... 34 more]
[kind=ERROR, line=11, message=cannot find symbol
  symbol:   variable SampleClassExt2
  location: class SampleClassExt]
2018-08-04 16:41:02 [Thread-45] ERROR c.e.t.b.s.t.t.impl.TaskCompilerImpl - Can't compile users files. Unable to compile the source
[kind=WARNING, line=3, message=Can't initialize javac processor due to (most likely) a class loader problem: java.lang.NoClassDefFoundError: com/sun/tools/javac/processing/JavacProcessingEnvironment
  	at lombok.javac.apt.LombokProcessor.getJavacProcessingEnvironment(LombokProcessor.java:426)
  	at lombok.javac.apt.LombokProcessor.init(LombokProcessor.java:89)
  	at lombok.core.AnnotationProcessor$JavacDescriptor.want(AnnotationProcessor.java:112)
  	at lombok.core.AnnotationProcessor.init(AnnotationProcessor.java:165)
  	at lombok.launch.AnnotationProcessorHider$AnnotationProcessor.init(AnnotationProcessor.java:73)
  	at com.sun.tools.javac.processing.JavacProcessingEnvironment$ProcessorState.<init>(JavacProcessingEnvironment.java:500)
  	at com.sun.tools.javac.processing.JavacProcessingEnvironment$DiscoveredProcessors$ProcessorStateIterator.next(JavacProcessingEnvironment.java:597)
  	at com.sun.tools.javac.processing.JavacProcessingEnvironment.discoverAndRunProcs(JavacProcessingEnvironment.java:690)
  	at com.sun.tools.javac.processing.JavacProcessingEnvironment.access$1800(JavacProcessingEnvironment.java:91)
  	at com.sun.tools.javac.processing.JavacProcessingEnvironment$Round.run(JavacProcessingEnvironment.java:1035)
  	at com.sun.tools.javac.processing.JavacProcessingEnvironment.doProcessing(JavacProcessingEnvironment.java:1176)
  	at com.sun.tools.javac.main.JavaCompiler.processAnnotations(JavaCompiler.java:1170)
  	at com.sun.tools.javac.main.JavaCompiler.compile(JavaCompiler.java:856)
  	at com.sun.tools.javac.main.Main.compile(Main.java:523)
  	at com.sun.tools.javac.api.JavacTaskImpl.doCall(JavacTaskImpl.java:129)
  	at com.sun.tools.javac.api.JavacTaskImpl.call(JavacTaskImpl.java:138)
  	at org.mdkt.compiler.InMemoryJavaCompiler.compileAll(InMemoryJavaCompiler.java:82)
  	at com.exadel.team3.backend.services.task.task_compile.impl.TaskCompilerImpl.compileTask(TaskCompilerImpl.java:34)
  	at com.exadel.team3.backend.services.impl.Executor.getMethod(Executor.java:63)
  	at com.exadel.team3.backend.services.impl.Executor.lambda$getCheckerRoutine$0(Executor.java:44)
  	at com.exadel.team3.backend.services.impl.SolutionCheckerImpl.lambda$check$0(SolutionCheckerImpl.java:33)
  	at java.util.stream.MatchOps$1MatchSink.accept(MatchOps.java:90)
  	at java.util.ArrayList$ArrayListSpliterator.tryAdvance(ArrayList.java:1351)
  	at java.util.stream.ReferencePipeline.forEachWithCancel(ReferencePipeline.java:126)
  	at java.util.stream.AbstractPipeline.copyIntoWithCancel(AbstractPipeline.java:498)
  	at java.util.stream.AbstractPipeline.copyInto(AbstractPipeline.java:485)
  	at java.util.stream.AbstractPipeline.wrapAndCopyInto(AbstractPipeline.java:471)
  	at java.util.stream.MatchOps$MatchOp.evaluateSequential(MatchOps.java:230)
  	at java.util.stream.MatchOps$MatchOp.evaluateSequential(MatchOps.java:196)
  	at java.util.stream.AbstractPipeline.evaluate(AbstractPipeline.java:234)
  	at java.util.stream.ReferencePipeline.allMatch(ReferencePipeline.java:454)
  	at com.exadel.team3.backend.services.impl.SolutionCheckerImpl.check(SolutionCheckerImpl.java:31)
  	at com.exadel.team3.backend.services.impl.SolutionServiceImpl.lambda$submit$1(SolutionServiceImpl.java:140)
  	at java.lang.Thread.run(Thread.java:745)
  Caused by: java.lang.ClassNotFoundException: com.sun.tools.javac.processing.JavacProcessingEnvironment
  	at java.lang.ClassLoader.findClass(ClassLoader.java:530)
  	at java.lang.ClassLoader.loadClass(ClassLoader.java:424)
  	at lombok.launch.ShadowClassLoader.loadClass(ShadowClassLoader.java:422)
  	at java.lang.ClassLoader.loadClass(ClassLoader.java:357)
  	... 34 more]
[kind=ERROR, line=11, message=cannot find symbol
  symbol:   variable SampleClassExt2
  location: class SampleClassExt]
